

> web@0.1.0 build /Users/olu/src/great_front_end_projects/gfe-monorepo/apps/web
> next build

   [1m[38;2;173;127;168m▲ Next.js 15.3.0[39m[22m

 [37m[1m [22m[39m Creating an optimized production build ...
 [32m[1m✓[22m[39m Compiled successfully in 2000ms
[?25l [37m[1m [22m[39m Linting and checking validity of types  [36m.[39m[2K[1G [37m[1m [22m[39m Linting and checking validity of types  [36m..[39m[2K[1G [37m[1m [22m[39m Linting and checking validity of types  [36m...[39m[2K[1G [37m[1m [22m[39m Linting and checking validity of types  [36m.[39m[2K[1G [37m[1m [22m[39m Linting and checking validity of types  [36m..[39m[2K[1G [37m[1m [22m[39m Linting and checking validity of types  [36m...[39m[2K[1G[?25h [37m[1m [22m[39m Linting and checking validity of types     [32m[1m✓[22m[39m Linting and checking validity of types 
[?25l [37m[1m [22m[39m Collecting page data  [36m.[39m[2K[1G [37m[1m [22m[39m Collecting page data  [36m..[39m[2K[1G[?25h [37m[1m [22m[39m Collecting page data     [32m[1m✓[22m[39m Collecting page data 
[?25l [37m[1m [22m[39m Generating static pages (0/5)  [36m[    ][39m[2K[1G [37m[1m [22m[39m Generating static pages (0/5)  [36m[=   ][39m[2K[1G[?25h [32m[1m✓[22m[39m Generating static pages (5/5)
[?25l [37m[1m [22m[39m Finalizing page optimization  [36m.[39m[?25l [37m[1m [22m[39m Collecting build traces  [36m.[39m[2K[1G [37m[1m [22m[39m Finalizing page optimization  [36m..[39m[2K[1G [37m[1m [22m[39m Collecting build traces  [36m..[39m[2K[1G [37m[1m [22m[39m Finalizing page optimization  [36m...[39m[2K[1G [37m[1m [22m[39m Collecting build traces  [36m...[39m[2K[1G [37m[1m [22m[39m Finalizing page optimization  [36m.[39m[2K[1G [37m[1m [22m[39m Collecting build traces  [36m.[39m[2K[1G [37m[1m [22m[39m Finalizing page optimization  [36m..[39m[2K[1G [37m[1m [22m[39m Collecting build traces  [36m..[39m[2K[1G [37m[1m [22m[39m Finalizing page optimization  [36m...[39m[2K[1G [37m[1m [22m[39m Collecting build traces  [36m...[39m[2K[1G [37m[1m [22m[39m Finalizing page optimization  [36m.[39m[2K[1G [37m[1m [22m[39m Collecting build traces  [36m.[39m[2K[1G [37m[1m [22m[39m Finalizing page optimization  [36m..[39m[2K[1G [37m[1m [22m[39m Collecting build traces  [36m..[39m[2K[1G [37m[1m [22m[39m Finalizing page optimization  [36m...[39m[2K[1G [37m[1m [22m[39m Collecting build traces  [36m...[39m[2K[1G [37m[1m [22m[39m Finalizing page optimization  [36m.[39m[2K[1G [37m[1m [22m[39m Collecting build traces  [36m.[39m[2K[1G [37m[1m [22m[39m Finalizing page optimization  [36m..[39m[2K[1G [37m[1m [22m[39m Collecting build traces  [36m..[39m[2K[1G [37m[1m [22m[39m Finalizing page optimization  [36m...[39m[2K[1G [37m[1m [22m[39m Collecting build traces  [36m...[39m[2K[1G [37m[1m [22m[39m Finalizing page optimization  [36m.[39m[2K[1G [37m[1m [22m[39m Collecting build traces  [36m.[39m[2K[1G [37m[1m [22m[39m Finalizing page optimization  [36m..[39m[2K[1G [37m[1m [22m[39m Collecting build traces  [36m..[39m[2K[1G [37m[1m [22m[39m Finalizing page optimization  [36m...[39m[2K[1G [37m[1m [22m[39m Collecting build traces  [36m...[39m[2K[1G [37m[1m [22m[39m Finalizing page optimization  [36m.[39m[2K[1G [37m[1m [22m[39m Collecting build traces  [36m.[39m[2K[1G[?25h [37m[1m [22m[39m Collecting build traces     [32m[1m✓[22m[39m Collecting build traces 
[2K[1G[?25h [37m[1m [22m[39m Finalizing page optimization     [32m[1m✓[22m[39m Finalizing page optimization 

[4mRoute (app)[24m                                 [4mSize[24m  [4mFirst Load JS[24m  [4m[24m  [4m[24m
┌ ○ /                                    5.91 kB         [37m[1m107 kB[22m[39m
└ ○ /_not-found                            973 B         [37m[1m102 kB[22m[39m
+ First Load JS shared by all             [37m[1m101 kB[22m[39m
  ├ chunks/272-2e5de07dfcc047b0.js       46.2 kB
  ├ chunks/7037dcde-51f9c4b323de930e.js  53.2 kB
  └ other shared chunks (total)          1.89 kB


○  (Static)  prerendered as static content

[?25h
